<?xml version="1.0" encoding="UTF-8"?>
<testsuite name="BasicsTest" tests="1" skipped="0" failures="0" errors="0" timestamp="2022-09-11T21:13:37" hostname="ALLOF02" time="0.003">
  <properties/>
  <testcase name="testTask5" classname="BasicsTest" time="0.003"/>
  <system-out><![CDATA[]]></system-out>
  <system-err><![CDATA[]]></system-err>
</testsuite>
